<?xml version="1.0" encoding="UTF-8"?>
<testng-results skipped="0" failed="0" total="1" passed="1">
  <reporter-output>
  </reporter-output>
  <suite name="Default suite" duration-ms="4600" started-at="2016-02-01T11:53:50Z" finished-at="2016-02-01T11:53:55Z">
    <groups>
    </groups>
    <test name="Default test" duration-ms="4600" started-at="2016-02-01T11:53:50Z" finished-at="2016-02-01T11:53:55Z">
      <class name="com.dolibar.testcase.Login">
        <test-method status="PASS" signature="beforeclass()[pri:0, instance:com.dolibar.testcase.Login@804139]" name="beforeclass" is-config="true" duration-ms="414" started-at="2016-02-01T17:23:50Z" finished-at="2016-02-01T17:23:50Z">
          <reporter-output>
          </reporter-output>
        </test-method> <!-- beforeclass -->
        <test-method status="PASS" signature="logintest()[pri:0, instance:com.dolibar.testcase.Login@804139]" name="logintest" duration-ms="4163" started-at="2016-02-01T17:23:50Z" finished-at="2016-02-01T17:23:55Z">
          <reporter-output>
          </reporter-output>
        </test-method> <!-- logintest -->
      </class> <!-- com.dolibar.testcase.Login -->
    </test> <!-- Default test -->
  </suite> <!-- Default suite -->
</testng-results>
